info it worked if it ends with ok
verbose cli [ 'node', '/usr/local/bin/npm', 'publish' ]
info using npm@1.0.106
info using node@v0.6.6
verbose config file /Users/taka.kojima/.npmrc
verbose config file /usr/local/etc/npmrc
verbose config file /usr/local/lib/node_modules/npm/npmrc
verbose publish [ '.' ]
silly testEngine { name: 'minion',
silly testEngine   version: '1.4.3',
silly testEngine   description: 'Cross-Platform & Cross-Browser JavaScript Inheritance.',
silly testEngine   main: './bin/minion.js',
silly testEngine   directories: { lib: 'lib', test: 'test', examples: 'examples', bin: 'bin' },
silly testEngine   bin: { minion: './bin/minion-cli.js' },
silly testEngine   dependencies: 
silly testEngine    { optimist: '0.3.x',
silly testEngine      'uglify-js': '1.2.x',
silly testEngine      'jsdoc-toolkit': '0.0.x',
silly testEngine      'ansi-color': '0.2.x',
silly testEngine      jshint: '0.5.x' },
silly testEngine   repository: { type: 'git', url: 'git://github.com/gigafied/minion.git' },
silly testEngine   keywords: [ 'oop', 'inheritance', 'classes', 'class', 'dependency', 'extend' ],
silly testEngine   author: 
silly testEngine    { name: 'Taka Kojima',
silly testEngine      email: 'taka@gigafied.com',
silly testEngine      url: 'http://gigafied.github.com/minion/' },
silly testEngine   license: 'MIT/X11',
silly testEngine   engine: { node: '>=0.4.x' },
silly testEngine   _npmUser: { name: 'gigafied', email: 'taka@gigafied.com' },
silly testEngine   _id: 'minion@1.4.3',
silly testEngine   devDependencies: {},
silly testEngine   engines: { node: '*' },
silly testEngine   _engineSupported: true,
silly testEngine   _npmVersion: '1.0.106',
silly testEngine   _nodeVersion: 'v0.6.6',
silly testEngine   _defaultsLoaded: true,
silly testEngine   scripts: {} }
verbose caching /Users/taka.kojima/Projects/minion/package.json
verbose loadDefaults minion@1.4.3
info prepublish minion@1.4.3
verbose cache add [ '.', null ]
silly cache add: name, spec, args [ undefined, '.', [ '.', null ] ]
verbose parsed url { pathname: '.', path: '.', href: '.' }
silly testEngine { name: 'minion',
silly testEngine   version: '1.4.3',
silly testEngine   description: 'Cross-Platform & Cross-Browser JavaScript Inheritance.',
silly testEngine   main: './bin/minion.js',
silly testEngine   directories: { lib: 'lib', test: 'test', examples: 'examples', bin: 'bin' },
silly testEngine   bin: { minion: './bin/minion-cli.js' },
silly testEngine   dependencies: 
silly testEngine    { optimist: '0.3.x',
silly testEngine      'uglify-js': '1.2.x',
silly testEngine      'jsdoc-toolkit': '0.0.x',
silly testEngine      'ansi-color': '0.2.x',
silly testEngine      jshint: '0.5.x' },
silly testEngine   repository: { type: 'git', url: 'git://github.com/gigafied/minion.git' },
silly testEngine   keywords: [ 'oop', 'inheritance', 'classes', 'class', 'dependency', 'extend' ],
silly testEngine   author: 
silly testEngine    { name: 'Taka Kojima',
silly testEngine      email: 'taka@gigafied.com',
silly testEngine      url: 'http://gigafied.github.com/minion/' },
silly testEngine   license: 'MIT/X11',
silly testEngine   engine: { node: '>=0.4.x' },
silly testEngine   _npmUser: { name: 'gigafied', email: 'taka@gigafied.com' },
silly testEngine   _id: 'minion@1.4.3',
silly testEngine   devDependencies: {},
silly testEngine   engines: { node: '*' },
silly testEngine   _engineSupported: true,
silly testEngine   _npmVersion: '1.0.106',
silly testEngine   _nodeVersion: 'v0.6.6',
silly testEngine   _defaultsLoaded: true,
silly testEngine   path: '/Users/taka.kojima/Projects/minion',
silly testEngine   bundleDependencies: [] }
verbose caching package.json
verbose loadDefaults minion@1.4.3
verbose pack /Users/taka.kojima/Projects/minion /var/folders/l3/fv9wbv1d3gdg81q3172c76_400012b/T/npm-1326410830122/1326410830122-0.0916961848270148/tmp.tgz
silly makeList /Users/taka.kojima/Projects/minion
silly testEngine { name: 'qunit',
silly testEngine   author: { name: 'The jQuery Project' },
silly testEngine   version: '1.1.0pre',
silly testEngine   contributors: 
silly testEngine    [ { name: 'John Resig',
silly testEngine        email: 'jeresig@gmail.com',
silly testEngine        url: 'http://ejohn.org/' },
silly testEngine      { name: 'Jörn Zaefferer',
silly testEngine        email: 'joern.zaefferer@googlemail.com',
silly testEngine        url: 'http://bassistance.de/' } ],
silly testEngine   url: 'http://docs.jquery.com/QUnit',
silly testEngine   repositories: [ { type: 'git', url: 'https://github.com/jquery/qunit.git' } ],
silly testEngine   license: 
silly testEngine    { name: 'MIT',
silly testEngine      url: 'http://www.opensource.org/licenses/mit-license.php' },
silly testEngine   description: 'An easy-to-use JavaScript Unit Testing framework.',
silly testEngine   keywords: [ 'testing', 'unit', 'jquery' ],
silly testEngine   main: 'qunit/qunit.js',
silly testEngine   _npmUser: { name: 'gigafied', email: 'taka@gigafied.com' },
silly testEngine   _id: 'qunit@1.1.0pre',
silly testEngine   dependencies: {},
silly testEngine   devDependencies: {},
silly testEngine   engines: { node: '*' },
silly testEngine   _engineSupported: true,
silly testEngine   _npmVersion: '1.0.106',
silly testEngine   _nodeVersion: 'v0.6.6',
silly testEngine   _defaultsLoaded: true,
silly testEngine   path: '/Users/taka.kojima/Projects/minion/test/qunit' }
verbose caching /Users/taka.kojima/Projects/minion/test/qunit/package.json
verbose loadDefaults qunit@1.1.0pre
verbose mkdir (expected) error ENOENT, no such file or directory '/var/folders/l3/fv9wbv1d3gdg81q3172c76_400012b/T/npm-1326410830122'
verbose mkdir (expected) error ENOENT, no such file or directory '/var/folders/l3/fv9wbv1d3gdg81q3172c76_400012b/T/npm-1326410830122/1326410830122-0.0916961848270148'
verbose mkdir done: /var/folders/l3/fv9wbv1d3gdg81q3172c76_400012b/T/npm-1326410830122/1326410830122-0.0916961848270148 755
verbose mkdir'ed /var/folders/l3/fv9wbv1d3gdg81q3172c76_400012b/T/npm-1326410830122/1326410830122-0.0916961848270148
verbose tar about to write tar and gzip it.
silly tar args [ '-czvf', '-', '-T', '-' ]
silly spawning [ 'tar',
silly spawning   [ '-czvf', '-', '-T', '-' ],
silly spawning   '/Users/taka.kojima/Projects' ]
verbose mkdir (expected) error ENOENT, no such file or directory '/var/folders/l3/fv9wbv1d3gdg81q3172c76_400012b/T/npm-1326410830122/1326410830122-0.0916961848270148/contents'
verbose mkdir (expected) error ENOENT, no such file or directory '/var/folders/l3/fv9wbv1d3gdg81q3172c76_400012b/T/npm-1326410830122/1326410830122-0.0916961848270148/contents/___package.npm'
verbose mkdir done: /var/folders/l3/fv9wbv1d3gdg81q3172c76_400012b/T/npm-1326410830122/1326410830122-0.0916961848270148/contents/___package.npm 755
verbose unpack_ uid, gid [ undefined, undefined ]
verbose unpackTarget /var/folders/l3/fv9wbv1d3gdg81q3172c76_400012b/T/npm-1326410830122/1326410830122-0.0916961848270148/contents/package
silly gunzTarPerm modes [ '755', '644' ]
silly spawning [ 'tar',
silly spawning   [ '-zmvxpf',
silly spawning     '/var/folders/l3/fv9wbv1d3gdg81q3172c76_400012b/T/npm-1326410830122/1326410830122-0.0916961848270148/tmp.tgz' ],
silly spawning   '/var/folders/l3/fv9wbv1d3gdg81q3172c76_400012b/T/npm-1326410830122/1326410830122-0.0916961848270148/contents/___package.npm' ]
silly tar err x minion/.gitignore
silly tar err x minion/.gitmodules
silly tar err x minion/getting_started.md
silly tar err x minion/make.js
silly tar err x minion/Makefile
silly tar err x minion/package.json
silly tar err x minion/readme.md
silly tar err x minion/version.txt
silly tar err x minion/bin/minion-cli.js
silly tar err x minion/bin/minion.js
silly tar err x minion/bin/minion.Client.js
silly tar err x minion/bin/sample.conf.json
silly tar err x minion/dist/minion.1.4.3.js
silly tar err x minion/dist/minion.1.4.3.min.js
silly tar err x minion/src/jsdoc-conf.json
silly tar err x minion/src/minion.class.js
silly tar err x minion/src/minion.header.js
silly tar err x minion/src/minion.baseclass.js
silly tar err x minion/src/minion.main.js
silly tar err x minion/src/minion.notifications.js
silly tar err x minion/src/minion.singleton.js
silly tar err x minion/src/minion.static.js
silly tar err x minion/src/minion-jsdoc-template/allclasses.tmpl
silly tar err x minion/src/minion-jsdoc-template/allfiles.tmpl
silly tar err x minion/src/minion-jsdoc-template/class.tmpl
silly tar err x minion/src/minion-jsdoc-template/class.tmpl_old
silly tar err x minion/src/minion-jsdoc-template/docsindex.tmpl
silly tar err x minion/src/minion-jsdoc-template/header.html
silly tar err x minion/src/minion-jsdoc-template/index.tmpl
silly tar err x minion/src/minion-jsdoc-template/publish.js
silly tar err x minion/src/minion-jsdoc-template/README.md
silly tar err x minion/src/minion-jsdoc-template/symbol.tmpl
silly tar err x minion/src/minion-jsdoc-template/symbolindex.tmpl
silly tar err x minion/src/minion-jsdoc-template/userdoc.tmpl
silly tar err x minion/src/minion-jsdoc-template/js/htmlparser.js
silly tar err x minion/src/minion-jsdoc-template/js/jsdom.js
silly tar err x minion/src/minion-jsdoc-template/js/mootools-1.2.4-core-server.js
silly tar err x minion/src/minion-jsdoc-template/js/showdown.js
silly tar err x minion/src/minion-jsdoc-template/js/showdown_license.txt
silly tar err x minion/src/minion-jsdoc-template/static/blue.css
silly tar err x minion/src/minion-jsdoc-template/static/default.css
silly tar err x minion/gh-pages/docs/files.html
silly tar err x minion/gh-pages/docs/index.html
silly tar err x minion/gh-pages/docs/symbolindex.html
silly tar err x minion/gh-pages/docs/static/default.css
silly tar err x minion/gh-pages/docs/symbols/_global_.html
silly tar err x minion/gh-pages/docs/symbols/minion.html
silly tar err x minion/gh-pages/docs/symbols/minion.Notification.html
silly tar err x minion/gh-pages/docs/symbols/minion.Singleton.html
silly tar err x minion/gh-pages/docs/symbols/minion.Class.html
silly tar err x minion/gh-pages/docs/symbols/src/bin_minion.js.html
silly tar err x minion/test/index.html
silly tar err x minion/test/unit/classes.js
silly tar err x minion/test/unit/internal-classes.js
silly tar err x minion/test/unit/configure.js
silly tar err x minion/test/unit/classes/classes1.min.js
silly tar err x minion/test/unit/classes/classes2.min.js
silly tar err x minion/test/unit/classes/minion/test/ConfigureTest.js
silly tar err x minion/test/unit/classes/minion/test/SingletonTest.js
silly tar err x minion/test/unit/classes/minion/test/StaticTest.js
silly tar err x minion/test/unit/classes/minion/test/Test1.js
silly tar err x minion/test/unit/classes/minion/test/Test2.js
silly tar err x minion/test/qunit/.gitignore
silly tar err x minion/test/qunit/History.md
silly tar err x minion/test/qunit/package.json
silly tar err x minion/test/qunit/README.md
silly tar err x minion/test/qunit/qunit/qunit.css
silly tar err x minion/test/qunit/qunit/qunit.js
silly tar err x minion/test/qunit/test/headless.html
silly tar err x minion/test/qunit/test/index.html
silly tar err x minion/test/qunit/test/logs.js
silly tar err x minion/test/qunit/test/logs.html
silly tar err x minion/test/qunit/test/swarminject.js
silly tar err x minion/test/qunit/test/test.js
silly tar err x minion/test/qunit/test/same.js
silly tar err x minion/test/qunit/addons/canvas/canvas-test.js
silly tar err x minion/test/qunit/addons/canvas/canvas.html
silly tar err x minion/test/qunit/addons/canvas/qunit-canvas.js
silly tar err x minion/test/qunit/addons/canvas/README.md
silly tar err x minion/test/qunit/addons/close-enough/close-enough-test.js
silly tar err x minion/test/qunit/addons/close-enough/close-enough.html
silly tar err x minion/test/qunit/addons/close-enough/qunit-close-enough.js
silly tar err x minion/test/qunit/addons/close-enough/README.md
silly tar err x minion/test/qunit/addons/composite/composite-demo-test.html
silly tar err x minion/test/qunit/addons/composite/composite-test.html
silly tar err x minion/test/qunit/addons/composite/composite-test.js
silly tar err x minion/test/qunit/addons/composite/dummy-qunit-test.html
silly tar err x minion/test/qunit/addons/composite/dummy-same-test.html
silly tar err x minion/test/qunit/addons/composite/index.html
silly tar err x minion/test/qunit/addons/composite/qunit-composite.css
silly tar err x minion/test/qunit/addons/composite/qunit-composite.js
silly tar err x minion/test/qunit/addons/composite/README.md
silly tar err x minion/test/qunit/addons/step/qunit-step.js
silly tar err x minion/test/qunit/addons/step/README.md
silly tar err x minion/test/qunit/addons/step/step-test.js
silly tar err x minion/test/qunit/addons/step/step.html
silly tar exit 0
silly asyncMap in gTP /var/folders/l3/fv9wbv1d3gdg81q3172c76_400012b/T/npm-1326410830122/1326410830122-0.0916961848270148/contents/___package.npm/minion
silly asyncMap in gTP /var/folders/l3/fv9wbv1d3gdg81q3172c76_400012b/T/npm-1326410830122/1326410830122-0.0916961848270148/contents/___package.npm/minion/.gitignore
silly asyncMap in gTP /var/folders/l3/fv9wbv1d3gdg81q3172c76_400012b/T/npm-1326410830122/1326410830122-0.0916961848270148/contents/___package.npm/minion/.gitmodules
silly asyncMap in gTP /var/folders/l3/fv9wbv1d3gdg81q3172c76_400012b/T/npm-1326410830122/1326410830122-0.0916961848270148/contents/___package.npm/minion/getting_started.md
silly asyncMap in gTP /var/folders/l3/fv9wbv1d3gdg81q3172c76_400012b/T/npm-1326410830122/1326410830122-0.0916961848270148/contents/___package.npm/minion/make.js
silly asyncMap in gTP /var/folders/l3/fv9wbv1d3gdg81q3172c76_400012b/T/npm-1326410830122/1326410830122-0.0916961848270148/contents/___package.npm/minion/Makefile
silly asyncMap in gTP /var/folders/l3/fv9wbv1d3gdg81q3172c76_400012b/T/npm-1326410830122/1326410830122-0.0916961848270148/contents/___package.npm/minion/package.json
silly asyncMap in gTP /var/folders/l3/fv9wbv1d3gdg81q3172c76_400012b/T/npm-1326410830122/1326410830122-0.0916961848270148/contents/___package.npm/minion/readme.md
silly asyncMap in gTP /var/folders/l3/fv9wbv1d3gdg81q3172c76_400012b/T/npm-1326410830122/1326410830122-0.0916961848270148/contents/___package.npm/minion/version.txt
silly asyncMap in gTP /var/folders/l3/fv9wbv1d3gdg81q3172c76_400012b/T/npm-1326410830122/1326410830122-0.0916961848270148/contents/___package.npm/minion/bin
silly asyncMap in gTP /var/folders/l3/fv9wbv1d3gdg81q3172c76_400012b/T/npm-1326410830122/1326410830122-0.0916961848270148/contents/___package.npm/minion/bin/minion-cli.js
silly asyncMap in gTP /var/folders/l3/fv9wbv1d3gdg81q3172c76_400012b/T/npm-1326410830122/1326410830122-0.0916961848270148/contents/___package.npm/minion/bin/minion.Client.js
silly asyncMap in gTP /var/folders/l3/fv9wbv1d3gdg81q3172c76_400012b/T/npm-1326410830122/1326410830122-0.0916961848270148/contents/___package.npm/minion/bin/minion.js
silly asyncMap in gTP /var/folders/l3/fv9wbv1d3gdg81q3172c76_400012b/T/npm-1326410830122/1326410830122-0.0916961848270148/contents/___package.npm/minion/bin/sample.conf.json
silly asyncMap in gTP /var/folders/l3/fv9wbv1d3gdg81q3172c76_400012b/T/npm-1326410830122/1326410830122-0.0916961848270148/contents/___package.npm/minion/dist
silly asyncMap in gTP /var/folders/l3/fv9wbv1d3gdg81q3172c76_400012b/T/npm-1326410830122/1326410830122-0.0916961848270148/contents/___package.npm/minion/dist/minion.1.4.3.js
silly asyncMap in gTP /var/folders/l3/fv9wbv1d3gdg81q3172c76_400012b/T/npm-1326410830122/1326410830122-0.0916961848270148/contents/___package.npm/minion/dist/minion.1.4.3.min.js
silly asyncMap in gTP /var/folders/l3/fv9wbv1d3gdg81q3172c76_400012b/T/npm-1326410830122/1326410830122-0.0916961848270148/contents/___package.npm/minion/src
silly asyncMap in gTP /var/folders/l3/fv9wbv1d3gdg81q3172c76_400012b/T/npm-1326410830122/1326410830122-0.0916961848270148/contents/___package.npm/minion/src/jsdoc-conf.json
silly asyncMap in gTP /var/folders/l3/fv9wbv1d3gdg81q3172c76_400012b/T/npm-1326410830122/1326410830122-0.0916961848270148/contents/___package.npm/minion/src/minion.baseclass.js
silly asyncMap in gTP /var/folders/l3/fv9wbv1d3gdg81q3172c76_400012b/T/npm-1326410830122/1326410830122-0.0916961848270148/contents/___package.npm/minion/src/minion.class.js
silly asyncMap in gTP /var/folders/l3/fv9wbv1d3gdg81q3172c76_400012b/T/npm-1326410830122/1326410830122-0.0916961848270148/contents/___package.npm/minion/src/minion.header.js
silly asyncMap in gTP /var/folders/l3/fv9wbv1d3gdg81q3172c76_400012b/T/npm-1326410830122/1326410830122-0.0916961848270148/contents/___package.npm/minion/src/minion.main.js
silly asyncMap in gTP /var/folders/l3/fv9wbv1d3gdg81q3172c76_400012b/T/npm-1326410830122/1326410830122-0.0916961848270148/contents/___package.npm/minion/src/minion.notifications.js
silly asyncMap in gTP /var/folders/l3/fv9wbv1d3gdg81q3172c76_400012b/T/npm-1326410830122/1326410830122-0.0916961848270148/contents/___package.npm/minion/src/minion.singleton.js
silly asyncMap in gTP /var/folders/l3/fv9wbv1d3gdg81q3172c76_400012b/T/npm-1326410830122/1326410830122-0.0916961848270148/contents/___package.npm/minion/src/minion.static.js
silly asyncMap in gTP /var/folders/l3/fv9wbv1d3gdg81q3172c76_400012b/T/npm-1326410830122/1326410830122-0.0916961848270148/contents/___package.npm/minion/src/minion-jsdoc-template
silly asyncMap in gTP /var/folders/l3/fv9wbv1d3gdg81q3172c76_400012b/T/npm-1326410830122/1326410830122-0.0916961848270148/contents/___package.npm/minion/src/minion-jsdoc-template/allclasses.tmpl
silly asyncMap in gTP /var/folders/l3/fv9wbv1d3gdg81q3172c76_400012b/T/npm-1326410830122/1326410830122-0.0916961848270148/contents/___package.npm/minion/src/minion-jsdoc-template/allfiles.tmpl
silly asyncMap in gTP /var/folders/l3/fv9wbv1d3gdg81q3172c76_400012b/T/npm-1326410830122/1326410830122-0.0916961848270148/contents/___package.npm/minion/src/minion-jsdoc-template/class.tmpl
silly asyncMap in gTP /var/folders/l3/fv9wbv1d3gdg81q3172c76_400012b/T/npm-1326410830122/1326410830122-0.0916961848270148/contents/___package.npm/minion/src/minion-jsdoc-template/class.tmpl_old
silly asyncMap in gTP /var/folders/l3/fv9wbv1d3gdg81q3172c76_400012b/T/npm-1326410830122/1326410830122-0.0916961848270148/contents/___package.npm/minion/src/minion-jsdoc-template/docsindex.tmpl
silly asyncMap in gTP /var/folders/l3/fv9wbv1d3gdg81q3172c76_400012b/T/npm-1326410830122/1326410830122-0.0916961848270148/contents/___package.npm/minion/src/minion-jsdoc-template/header.html
silly asyncMap in gTP /var/folders/l3/fv9wbv1d3gdg81q3172c76_400012b/T/npm-1326410830122/1326410830122-0.0916961848270148/contents/___package.npm/minion/src/minion-jsdoc-template/index.tmpl
silly asyncMap in gTP /var/folders/l3/fv9wbv1d3gdg81q3172c76_400012b/T/npm-1326410830122/1326410830122-0.0916961848270148/contents/___package.npm/minion/src/minion-jsdoc-template/publish.js
silly asyncMap in gTP /var/folders/l3/fv9wbv1d3gdg81q3172c76_400012b/T/npm-1326410830122/1326410830122-0.0916961848270148/contents/___package.npm/minion/src/minion-jsdoc-template/README.md
silly asyncMap in gTP /var/folders/l3/fv9wbv1d3gdg81q3172c76_400012b/T/npm-1326410830122/1326410830122-0.0916961848270148/contents/___package.npm/minion/src/minion-jsdoc-template/symbol.tmpl
silly asyncMap in gTP /var/folders/l3/fv9wbv1d3gdg81q3172c76_400012b/T/npm-1326410830122/1326410830122-0.0916961848270148/contents/___package.npm/minion/src/minion-jsdoc-template/symbolindex.tmpl
silly asyncMap in gTP /var/folders/l3/fv9wbv1d3gdg81q3172c76_400012b/T/npm-1326410830122/1326410830122-0.0916961848270148/contents/___package.npm/minion/src/minion-jsdoc-template/userdoc.tmpl
silly asyncMap in gTP /var/folders/l3/fv9wbv1d3gdg81q3172c76_400012b/T/npm-1326410830122/1326410830122-0.0916961848270148/contents/___package.npm/minion/src/minion-jsdoc-template/js
silly asyncMap in gTP /var/folders/l3/fv9wbv1d3gdg81q3172c76_400012b/T/npm-1326410830122/1326410830122-0.0916961848270148/contents/___package.npm/minion/src/minion-jsdoc-template/js/htmlparser.js
silly asyncMap in gTP /var/folders/l3/fv9wbv1d3gdg81q3172c76_400012b/T/npm-1326410830122/1326410830122-0.0916961848270148/contents/___package.npm/minion/src/minion-jsdoc-template/js/jsdom.js
silly asyncMap in gTP /var/folders/l3/fv9wbv1d3gdg81q3172c76_400012b/T/npm-1326410830122/1326410830122-0.0916961848270148/contents/___package.npm/minion/src/minion-jsdoc-template/js/mootools-1.2.4-core-server.js
silly asyncMap in gTP /var/folders/l3/fv9wbv1d3gdg81q3172c76_400012b/T/npm-1326410830122/1326410830122-0.0916961848270148/contents/___package.npm/minion/src/minion-jsdoc-template/js/showdown.js
silly asyncMap in gTP /var/folders/l3/fv9wbv1d3gdg81q3172c76_400012b/T/npm-1326410830122/1326410830122-0.0916961848270148/contents/___package.npm/minion/src/minion-jsdoc-template/js/showdown_license.txt
silly asyncMap in gTP /var/folders/l3/fv9wbv1d3gdg81q3172c76_400012b/T/npm-1326410830122/1326410830122-0.0916961848270148/contents/___package.npm/minion/src/minion-jsdoc-template/static
silly asyncMap in gTP /var/folders/l3/fv9wbv1d3gdg81q3172c76_400012b/T/npm-1326410830122/1326410830122-0.0916961848270148/contents/___package.npm/minion/src/minion-jsdoc-template/static/blue.css
silly asyncMap in gTP /var/folders/l3/fv9wbv1d3gdg81q3172c76_400012b/T/npm-1326410830122/1326410830122-0.0916961848270148/contents/___package.npm/minion/src/minion-jsdoc-template/static/default.css
silly asyncMap in gTP /var/folders/l3/fv9wbv1d3gdg81q3172c76_400012b/T/npm-1326410830122/1326410830122-0.0916961848270148/contents/___package.npm/minion/gh-pages
silly asyncMap in gTP /var/folders/l3/fv9wbv1d3gdg81q3172c76_400012b/T/npm-1326410830122/1326410830122-0.0916961848270148/contents/___package.npm/minion/gh-pages/docs
silly asyncMap in gTP /var/folders/l3/fv9wbv1d3gdg81q3172c76_400012b/T/npm-1326410830122/1326410830122-0.0916961848270148/contents/___package.npm/minion/gh-pages/docs/files.html
silly asyncMap in gTP /var/folders/l3/fv9wbv1d3gdg81q3172c76_400012b/T/npm-1326410830122/1326410830122-0.0916961848270148/contents/___package.npm/minion/gh-pages/docs/index.html
silly asyncMap in gTP /var/folders/l3/fv9wbv1d3gdg81q3172c76_400012b/T/npm-1326410830122/1326410830122-0.0916961848270148/contents/___package.npm/minion/gh-pages/docs/symbolindex.html
silly asyncMap in gTP /var/folders/l3/fv9wbv1d3gdg81q3172c76_400012b/T/npm-1326410830122/1326410830122-0.0916961848270148/contents/___package.npm/minion/gh-pages/docs/static
silly asyncMap in gTP /var/folders/l3/fv9wbv1d3gdg81q3172c76_400012b/T/npm-1326410830122/1326410830122-0.0916961848270148/contents/___package.npm/minion/gh-pages/docs/static/default.css
silly asyncMap in gTP /var/folders/l3/fv9wbv1d3gdg81q3172c76_400012b/T/npm-1326410830122/1326410830122-0.0916961848270148/contents/___package.npm/minion/gh-pages/docs/symbols
silly asyncMap in gTP /var/folders/l3/fv9wbv1d3gdg81q3172c76_400012b/T/npm-1326410830122/1326410830122-0.0916961848270148/contents/___package.npm/minion/gh-pages/docs/symbols/_global_.html
silly asyncMap in gTP /var/folders/l3/fv9wbv1d3gdg81q3172c76_400012b/T/npm-1326410830122/1326410830122-0.0916961848270148/contents/___package.npm/minion/gh-pages/docs/symbols/minion.Class.html
silly asyncMap in gTP /var/folders/l3/fv9wbv1d3gdg81q3172c76_400012b/T/npm-1326410830122/1326410830122-0.0916961848270148/contents/___package.npm/minion/gh-pages/docs/symbols/minion.html
silly asyncMap in gTP /var/folders/l3/fv9wbv1d3gdg81q3172c76_400012b/T/npm-1326410830122/1326410830122-0.0916961848270148/contents/___package.npm/minion/gh-pages/docs/symbols/minion.Notification.html
silly asyncMap in gTP /var/folders/l3/fv9wbv1d3gdg81q3172c76_400012b/T/npm-1326410830122/1326410830122-0.0916961848270148/contents/___package.npm/minion/gh-pages/docs/symbols/minion.Singleton.html
silly asyncMap in gTP /var/folders/l3/fv9wbv1d3gdg81q3172c76_400012b/T/npm-1326410830122/1326410830122-0.0916961848270148/contents/___package.npm/minion/gh-pages/docs/symbols/src
silly asyncMap in gTP /var/folders/l3/fv9wbv1d3gdg81q3172c76_400012b/T/npm-1326410830122/1326410830122-0.0916961848270148/contents/___package.npm/minion/gh-pages/docs/symbols/src/bin_minion.js.html
silly asyncMap in gTP /var/folders/l3/fv9wbv1d3gdg81q3172c76_400012b/T/npm-1326410830122/1326410830122-0.0916961848270148/contents/___package.npm/minion/test
silly asyncMap in gTP /var/folders/l3/fv9wbv1d3gdg81q3172c76_400012b/T/npm-1326410830122/1326410830122-0.0916961848270148/contents/___package.npm/minion/test/index.html
silly asyncMap in gTP /var/folders/l3/fv9wbv1d3gdg81q3172c76_400012b/T/npm-1326410830122/1326410830122-0.0916961848270148/contents/___package.npm/minion/test/qunit
silly asyncMap in gTP /var/folders/l3/fv9wbv1d3gdg81q3172c76_400012b/T/npm-1326410830122/1326410830122-0.0916961848270148/contents/___package.npm/minion/test/qunit/.gitignore
silly asyncMap in gTP /var/folders/l3/fv9wbv1d3gdg81q3172c76_400012b/T/npm-1326410830122/1326410830122-0.0916961848270148/contents/___package.npm/minion/test/qunit/History.md
silly asyncMap in gTP /var/folders/l3/fv9wbv1d3gdg81q3172c76_400012b/T/npm-1326410830122/1326410830122-0.0916961848270148/contents/___package.npm/minion/test/qunit/package.json
silly asyncMap in gTP /var/folders/l3/fv9wbv1d3gdg81q3172c76_400012b/T/npm-1326410830122/1326410830122-0.0916961848270148/contents/___package.npm/minion/test/qunit/README.md
silly asyncMap in gTP /var/folders/l3/fv9wbv1d3gdg81q3172c76_400012b/T/npm-1326410830122/1326410830122-0.0916961848270148/contents/___package.npm/minion/test/qunit/qunit
silly asyncMap in gTP /var/folders/l3/fv9wbv1d3gdg81q3172c76_400012b/T/npm-1326410830122/1326410830122-0.0916961848270148/contents/___package.npm/minion/test/qunit/qunit/qunit.css
silly asyncMap in gTP /var/folders/l3/fv9wbv1d3gdg81q3172c76_400012b/T/npm-1326410830122/1326410830122-0.0916961848270148/contents/___package.npm/minion/test/qunit/qunit/qunit.js
silly asyncMap in gTP /var/folders/l3/fv9wbv1d3gdg81q3172c76_400012b/T/npm-1326410830122/1326410830122-0.0916961848270148/contents/___package.npm/minion/test/qunit/test
silly asyncMap in gTP /var/folders/l3/fv9wbv1d3gdg81q3172c76_400012b/T/npm-1326410830122/1326410830122-0.0916961848270148/contents/___package.npm/minion/test/qunit/test/headless.html
silly asyncMap in gTP /var/folders/l3/fv9wbv1d3gdg81q3172c76_400012b/T/npm-1326410830122/1326410830122-0.0916961848270148/contents/___package.npm/minion/test/qunit/test/index.html
silly asyncMap in gTP /var/folders/l3/fv9wbv1d3gdg81q3172c76_400012b/T/npm-1326410830122/1326410830122-0.0916961848270148/contents/___package.npm/minion/test/qunit/test/logs.html
silly asyncMap in gTP /var/folders/l3/fv9wbv1d3gdg81q3172c76_400012b/T/npm-1326410830122/1326410830122-0.0916961848270148/contents/___package.npm/minion/test/qunit/test/logs.js
silly asyncMap in gTP /var/folders/l3/fv9wbv1d3gdg81q3172c76_400012b/T/npm-1326410830122/1326410830122-0.0916961848270148/contents/___package.npm/minion/test/qunit/test/same.js
silly asyncMap in gTP /var/folders/l3/fv9wbv1d3gdg81q3172c76_400012b/T/npm-1326410830122/1326410830122-0.0916961848270148/contents/___package.npm/minion/test/qunit/test/swarminject.js
silly asyncMap in gTP /var/folders/l3/fv9wbv1d3gdg81q3172c76_400012b/T/npm-1326410830122/1326410830122-0.0916961848270148/contents/___package.npm/minion/test/qunit/test/test.js
silly asyncMap in gTP /var/folders/l3/fv9wbv1d3gdg81q3172c76_400012b/T/npm-1326410830122/1326410830122-0.0916961848270148/contents/___package.npm/minion/test/qunit/addons
silly asyncMap in gTP /var/folders/l3/fv9wbv1d3gdg81q3172c76_400012b/T/npm-1326410830122/1326410830122-0.0916961848270148/contents/___package.npm/minion/test/qunit/addons/canvas
silly asyncMap in gTP /var/folders/l3/fv9wbv1d3gdg81q3172c76_400012b/T/npm-1326410830122/1326410830122-0.0916961848270148/contents/___package.npm/minion/test/qunit/addons/canvas/canvas-test.js
silly asyncMap in gTP /var/folders/l3/fv9wbv1d3gdg81q3172c76_400012b/T/npm-1326410830122/1326410830122-0.0916961848270148/contents/___package.npm/minion/test/qunit/addons/canvas/canvas.html
silly asyncMap in gTP /var/folders/l3/fv9wbv1d3gdg81q3172c76_400012b/T/npm-1326410830122/1326410830122-0.0916961848270148/contents/___package.npm/minion/test/qunit/addons/canvas/qunit-canvas.js
silly asyncMap in gTP /var/folders/l3/fv9wbv1d3gdg81q3172c76_400012b/T/npm-1326410830122/1326410830122-0.0916961848270148/contents/___package.npm/minion/test/qunit/addons/canvas/README.md
silly asyncMap in gTP /var/folders/l3/fv9wbv1d3gdg81q3172c76_400012b/T/npm-1326410830122/1326410830122-0.0916961848270148/contents/___package.npm/minion/test/qunit/addons/composite
silly asyncMap in gTP /var/folders/l3/fv9wbv1d3gdg81q3172c76_400012b/T/npm-1326410830122/1326410830122-0.0916961848270148/contents/___package.npm/minion/test/qunit/addons/composite/composite-demo-test.html
silly asyncMap in gTP /var/folders/l3/fv9wbv1d3gdg81q3172c76_400012b/T/npm-1326410830122/1326410830122-0.0916961848270148/contents/___package.npm/minion/test/qunit/addons/composite/composite-test.html
silly asyncMap in gTP /var/folders/l3/fv9wbv1d3gdg81q3172c76_400012b/T/npm-1326410830122/1326410830122-0.0916961848270148/contents/___package.npm/minion/test/qunit/addons/composite/composite-test.js
silly asyncMap in gTP /var/folders/l3/fv9wbv1d3gdg81q3172c76_400012b/T/npm-1326410830122/1326410830122-0.0916961848270148/contents/___package.npm/minion/test/qunit/addons/composite/dummy-qunit-test.html
silly asyncMap in gTP /var/folders/l3/fv9wbv1d3gdg81q3172c76_400012b/T/npm-1326410830122/1326410830122-0.0916961848270148/contents/___package.npm/minion/test/qunit/addons/composite/dummy-same-test.html
silly asyncMap in gTP /var/folders/l3/fv9wbv1d3gdg81q3172c76_400012b/T/npm-1326410830122/1326410830122-0.0916961848270148/contents/___package.npm/minion/test/qunit/addons/composite/index.html
silly asyncMap in gTP /var/folders/l3/fv9wbv1d3gdg81q3172c76_400012b/T/npm-1326410830122/1326410830122-0.0916961848270148/contents/___package.npm/minion/test/qunit/addons/composite/qunit-composite.css
silly asyncMap in gTP /var/folders/l3/fv9wbv1d3gdg81q3172c76_400012b/T/npm-1326410830122/1326410830122-0.0916961848270148/contents/___package.npm/minion/test/qunit/addons/composite/qunit-composite.js
silly asyncMap in gTP /var/folders/l3/fv9wbv1d3gdg81q3172c76_400012b/T/npm-1326410830122/1326410830122-0.0916961848270148/contents/___package.npm/minion/test/qunit/addons/composite/README.md
silly asyncMap in gTP /var/folders/l3/fv9wbv1d3gdg81q3172c76_400012b/T/npm-1326410830122/1326410830122-0.0916961848270148/contents/___package.npm/minion/test/qunit/addons/close-enough
silly asyncMap in gTP /var/folders/l3/fv9wbv1d3gdg81q3172c76_400012b/T/npm-1326410830122/1326410830122-0.0916961848270148/contents/___package.npm/minion/test/qunit/addons/close-enough/close-enough-test.js
silly asyncMap in gTP /var/folders/l3/fv9wbv1d3gdg81q3172c76_400012b/T/npm-1326410830122/1326410830122-0.0916961848270148/contents/___package.npm/minion/test/qunit/addons/close-enough/close-enough.html
silly asyncMap in gTP /var/folders/l3/fv9wbv1d3gdg81q3172c76_400012b/T/npm-1326410830122/1326410830122-0.0916961848270148/contents/___package.npm/minion/test/qunit/addons/close-enough/qunit-close-enough.js
silly asyncMap in gTP /var/folders/l3/fv9wbv1d3gdg81q3172c76_400012b/T/npm-1326410830122/1326410830122-0.0916961848270148/contents/___package.npm/minion/test/qunit/addons/close-enough/README.md
silly asyncMap in gTP /var/folders/l3/fv9wbv1d3gdg81q3172c76_400012b/T/npm-1326410830122/1326410830122-0.0916961848270148/contents/___package.npm/minion/test/qunit/addons/step
silly asyncMap in gTP /var/folders/l3/fv9wbv1d3gdg81q3172c76_400012b/T/npm-1326410830122/1326410830122-0.0916961848270148/contents/___package.npm/minion/test/qunit/addons/step/qunit-step.js
silly asyncMap in gTP /var/folders/l3/fv9wbv1d3gdg81q3172c76_400012b/T/npm-1326410830122/1326410830122-0.0916961848270148/contents/___package.npm/minion/test/qunit/addons/step/README.md
silly asyncMap in gTP /var/folders/l3/fv9wbv1d3gdg81q3172c76_400012b/T/npm-1326410830122/1326410830122-0.0916961848270148/contents/___package.npm/minion/test/qunit/addons/step/step-test.js
silly asyncMap in gTP /var/folders/l3/fv9wbv1d3gdg81q3172c76_400012b/T/npm-1326410830122/1326410830122-0.0916961848270148/contents/___package.npm/minion/test/qunit/addons/step/step.html
silly asyncMap in gTP /var/folders/l3/fv9wbv1d3gdg81q3172c76_400012b/T/npm-1326410830122/1326410830122-0.0916961848270148/contents/___package.npm/minion/test/unit
silly asyncMap in gTP /var/folders/l3/fv9wbv1d3gdg81q3172c76_400012b/T/npm-1326410830122/1326410830122-0.0916961848270148/contents/___package.npm/minion/test/unit/classes.js
silly asyncMap in gTP /var/folders/l3/fv9wbv1d3gdg81q3172c76_400012b/T/npm-1326410830122/1326410830122-0.0916961848270148/contents/___package.npm/minion/test/unit/configure.js
silly asyncMap in gTP /var/folders/l3/fv9wbv1d3gdg81q3172c76_400012b/T/npm-1326410830122/1326410830122-0.0916961848270148/contents/___package.npm/minion/test/unit/internal-classes.js
silly asyncMap in gTP /var/folders/l3/fv9wbv1d3gdg81q3172c76_400012b/T/npm-1326410830122/1326410830122-0.0916961848270148/contents/___package.npm/minion/test/unit/classes
silly asyncMap in gTP /var/folders/l3/fv9wbv1d3gdg81q3172c76_400012b/T/npm-1326410830122/1326410830122-0.0916961848270148/contents/___package.npm/minion/test/unit/classes/classes1.min.js
silly asyncMap in gTP /var/folders/l3/fv9wbv1d3gdg81q3172c76_400012b/T/npm-1326410830122/1326410830122-0.0916961848270148/contents/___package.npm/minion/test/unit/classes/classes2.min.js
silly asyncMap in gTP /var/folders/l3/fv9wbv1d3gdg81q3172c76_400012b/T/npm-1326410830122/1326410830122-0.0916961848270148/contents/___package.npm/minion/test/unit/classes/minion
silly asyncMap in gTP /var/folders/l3/fv9wbv1d3gdg81q3172c76_400012b/T/npm-1326410830122/1326410830122-0.0916961848270148/contents/___package.npm/minion/test/unit/classes/minion/test
silly asyncMap in gTP /var/folders/l3/fv9wbv1d3gdg81q3172c76_400012b/T/npm-1326410830122/1326410830122-0.0916961848270148/contents/___package.npm/minion/test/unit/classes/minion/test/ConfigureTest.js
silly asyncMap in gTP /var/folders/l3/fv9wbv1d3gdg81q3172c76_400012b/T/npm-1326410830122/1326410830122-0.0916961848270148/contents/___package.npm/minion/test/unit/classes/minion/test/SingletonTest.js
silly asyncMap in gTP /var/folders/l3/fv9wbv1d3gdg81q3172c76_400012b/T/npm-1326410830122/1326410830122-0.0916961848270148/contents/___package.npm/minion/test/unit/classes/minion/test/StaticTest.js
silly asyncMap in gTP /var/folders/l3/fv9wbv1d3gdg81q3172c76_400012b/T/npm-1326410830122/1326410830122-0.0916961848270148/contents/___package.npm/minion/test/unit/classes/minion/test/Test1.js
silly asyncMap in gTP /var/folders/l3/fv9wbv1d3gdg81q3172c76_400012b/T/npm-1326410830122/1326410830122-0.0916961848270148/contents/___package.npm/minion/test/unit/classes/minion/test/Test2.js
silly chmod .gitignore 644
silly chmod minion 755
silly chmod .gitmodules 644
silly chmod getting_started.md 644
silly chmod make.js 644
silly chmod Makefile 644
silly chmod package.json 644
silly chmod readme.md 755
silly chmod bin 755
silly chmod version.txt 644
silly chmod minion.Client.js 644
silly chmod minion.js 644
silly chmod dist 755
silly chmod minion.1.4.3.js 644
silly chmod minion.1.4.3.min.js 644
silly chmod src 755
silly chmod jsdoc-conf.json 644
silly chmod minion.baseclass.js 644
silly chmod minion.class.js 644
silly chmod minion.header.js 644
silly chmod minion.main.js 755
silly chmod minion.notifications.js 644
silly chmod minion.singleton.js 644
silly chmod minion.static.js 644
silly chmod minion-jsdoc-template 755
silly chmod allclasses.tmpl 755
silly chmod allfiles.tmpl 755
silly chmod class.tmpl 755
silly chmod class.tmpl_old 755
silly chmod docsindex.tmpl 755
silly chmod header.html 755
silly chmod index.tmpl 755
silly chmod publish.js 755
silly chmod README.md 755
silly chmod symbol.tmpl 755
silly chmod symbolindex.tmpl 755
silly chmod userdoc.tmpl 755
silly chmod js 755
silly chmod htmlparser.js 755
silly chmod jsdom.js 755
silly chmod mootools-1.2.4-core-server.js 755
silly chmod showdown.js 755
silly chmod showdown_license.txt 755
silly chmod static 755
silly chmod blue.css 755
silly chmod default.css 755
silly chmod gh-pages 755
silly chmod docs 755
silly chmod files.html 644
silly chmod index.html 644
silly chmod symbolindex.html 644
silly chmod static 755
silly chmod default.css 644
silly chmod symbols 755
silly chmod _global_.html 644
silly chmod minion.Class.html 644
silly chmod minion.html 644
silly chmod minion.Notification.html 644
silly chmod minion.Singleton.html 644
silly chmod src 755
silly chmod bin_minion.js.html 644
silly chmod test 755
silly chmod index.html 644
silly chmod qunit 755
silly chmod .gitignore 644
silly chmod History.md 644
silly chmod package.json 644
silly chmod README.md 644
silly chmod qunit 755
silly chmod qunit.css 644
silly chmod qunit.js 644
silly chmod test 755
silly chmod headless.html 644
silly chmod index.html 644
silly chmod logs.html 644
silly chmod logs.js 644
silly chmod same.js 644
silly chmod swarminject.js 755
silly chmod test.js 644
silly chmod addons 755
silly chmod canvas 755
silly chmod canvas-test.js 644
silly chmod canvas.html 644
silly chmod qunit-canvas.js 644
silly chmod README.md 644
silly chmod composite 755
silly chmod composite-demo-test.html 644
silly chmod composite-test.html 644
silly chmod composite-test.js 644
silly chmod dummy-qunit-test.html 644
silly chmod dummy-same-test.html 644
silly chmod index.html 644
silly chmod qunit-composite.css 644
silly chmod qunit-composite.js 644
silly chmod README.md 644
silly chmod close-enough 755
silly chmod close-enough-test.js 644
silly chmod close-enough.html 644
silly chmod qunit-close-enough.js 644
silly chmod README.md 644
silly chmod step 755
silly chmod qunit-step.js 644
silly chmod README.md 644
silly chmod step-test.js 644
silly chmod step.html 644
silly chmod unit 755
silly chmod classes.js 644
silly chmod configure.js 644
silly chmod internal-classes.js 644
silly chmod classes 755
silly chmod classes1.min.js 644
silly chmod classes2.min.js 644
silly chmod minion 755
silly chmod test 755
silly chmod ConfigureTest.js 644
silly chmod SingletonTest.js 644
silly chmod StaticTest.js 644
silly chmod Test1.js 644
silly chmod Test2.js 644
verbose gunzed /var/folders/l3/fv9wbv1d3gdg81q3172c76_400012b/T/npm-1326410830122/1326410830122-0.0916961848270148/contents/___package.npm/minion
verbose rm'ed /var/folders/l3/fv9wbv1d3gdg81q3172c76_400012b/T/npm-1326410830122/1326410830122-0.0916961848270148/contents/package
verbose renamed [ '/var/folders/l3/fv9wbv1d3gdg81q3172c76_400012b/T/npm-1326410830122/1326410830122-0.0916961848270148/contents/___package.npm/minion',
verbose renamed   '/var/folders/l3/fv9wbv1d3gdg81q3172c76_400012b/T/npm-1326410830122/1326410830122-0.0916961848270148/contents/package' ]
silly testEngine { name: 'minion',
silly testEngine   version: '1.4.3',
silly testEngine   description: 'Cross-Platform & Cross-Browser JavaScript Inheritance.',
silly testEngine   main: './bin/minion.js',
silly testEngine   directories: { lib: 'lib', test: 'test', examples: 'examples', bin: 'bin' },
silly testEngine   bin: { minion: './bin/minion-cli.js' },
silly testEngine   dependencies: 
silly testEngine    { optimist: '0.3.x',
silly testEngine      'uglify-js': '1.2.x',
silly testEngine      'jsdoc-toolkit': '0.0.x',
silly testEngine      'ansi-color': '0.2.x',
silly testEngine      jshint: '0.5.x' },
silly testEngine   repository: { type: 'git', url: 'git://github.com/gigafied/minion.git' },
silly testEngine   keywords: [ 'oop', 'inheritance', 'classes', 'class', 'dependency', 'extend' ],
silly testEngine   author: 
silly testEngine    { name: 'Taka Kojima',
silly testEngine      email: 'taka@gigafied.com',
silly testEngine      url: 'http://gigafied.github.com/minion/' },
silly testEngine   license: 'MIT/X11',
silly testEngine   engine: { node: '>=0.4.x' },
silly testEngine   _npmUser: { name: 'gigafied', email: 'taka@gigafied.com' },
silly testEngine   _id: 'minion@1.4.3',
silly testEngine   devDependencies: {},
silly testEngine   engines: { node: '*' },
silly testEngine   _engineSupported: true,
silly testEngine   _npmVersion: '1.0.106',
silly testEngine   _nodeVersion: 'v0.6.6',
silly testEngine   _defaultsLoaded: true,
silly testEngine   path: '/var/folders/l3/fv9wbv1d3gdg81q3172c76_400012b/T/npm-1326410830122/1326410830122-0.0916961848270148/contents/package' }
verbose caching /var/folders/l3/fv9wbv1d3gdg81q3172c76_400012b/T/npm-1326410830122/1326410830122-0.0916961848270148/contents/package/package.json
verbose loadDefaults minion@1.4.3
verbose tarball contents [ 'package' ]
verbose from cache /var/folders/l3/fv9wbv1d3gdg81q3172c76_400012b/T/npm-1326410830122/1326410830122-0.0916961848270148/contents/package/package.json
verbose pack /var/folders/l3/fv9wbv1d3gdg81q3172c76_400012b/T/npm-1326410830122/1326410830122-0.0916961848270148/contents/package /Users/taka.kojima/.npm/minion/1.4.3/package.tgz
silly makeList /var/folders/l3/fv9wbv1d3gdg81q3172c76_400012b/T/npm-1326410830122/1326410830122-0.0916961848270148/contents/package
silly testEngine { name: 'qunit',
silly testEngine   author: { name: 'The jQuery Project' },
silly testEngine   version: '1.1.0pre',
silly testEngine   contributors: 
silly testEngine    [ { name: 'John Resig',
silly testEngine        email: 'jeresig@gmail.com',
silly testEngine        url: 'http://ejohn.org/' },
silly testEngine      { name: 'Jörn Zaefferer',
silly testEngine        email: 'joern.zaefferer@googlemail.com',
silly testEngine        url: 'http://bassistance.de/' } ],
silly testEngine   url: 'http://docs.jquery.com/QUnit',
silly testEngine   repositories: [ { type: 'git', url: 'https://github.com/jquery/qunit.git' } ],
silly testEngine   license: 
silly testEngine    { name: 'MIT',
silly testEngine      url: 'http://www.opensource.org/licenses/mit-license.php' },
silly testEngine   description: 'An easy-to-use JavaScript Unit Testing framework.',
silly testEngine   keywords: [ 'testing', 'unit', 'jquery' ],
silly testEngine   main: 'qunit/qunit.js',
silly testEngine   _npmUser: { name: 'gigafied', email: 'taka@gigafied.com' },
silly testEngine   _id: 'qunit@1.1.0pre',
silly testEngine   dependencies: {},
silly testEngine   devDependencies: {},
silly testEngine   engines: { node: '*' },
silly testEngine   _engineSupported: true,
silly testEngine   _npmVersion: '1.0.106',
silly testEngine   _nodeVersion: 'v0.6.6',
silly testEngine   _defaultsLoaded: true,
silly testEngine   path: '/var/folders/l3/fv9wbv1d3gdg81q3172c76_400012b/T/npm-1326410830122/1326410830122-0.0916961848270148/contents/package/test/qunit' }
verbose caching /var/folders/l3/fv9wbv1d3gdg81q3172c76_400012b/T/npm-1326410830122/1326410830122-0.0916961848270148/contents/package/test/qunit/package.json
verbose loadDefaults qunit@1.1.0pre
verbose mkdir'ed /Users/taka.kojima/.npm/minion/1.4.3
verbose tar about to write tar and gzip it.
silly tar args [ '-czvf', '-', '-T', '-' ]
silly spawning [ 'tar',
silly spawning   [ '-czvf', '-', '-T', '-' ],
silly spawning   '/var/folders/l3/fv9wbv1d3gdg81q3172c76_400012b/T/npm-1326410830122/1326410830122-0.0916961848270148/contents' ]
verbose mkdir (expected) error ENOENT, no such file or directory '/Users/taka.kojima/.npm/minion/1.4.3/___package.npm'
verbose mkdir done: /Users/taka.kojima/.npm/minion/1.4.3/___package.npm 755
verbose unpack_ uid, gid [ undefined, undefined ]
verbose unpackTarget /Users/taka.kojima/.npm/minion/1.4.3/package
silly gunzTarPerm modes [ '755', '644' ]
silly spawning [ 'tar',
silly spawning   [ '-zmvxpf',
silly spawning     '/Users/taka.kojima/.npm/minion/1.4.3/package.tgz' ],
silly spawning   '/Users/taka.kojima/.npm/minion/1.4.3/___package.npm' ]
silly tar err x package/.gitignore
silly tar err x package/.gitmodules
silly tar err x package/getting_started.md
silly tar err x package/make.js
silly tar err x package/Makefile
silly tar err x package/package.json
silly tar err x package/readme.md
silly tar err x package/version.txt
silly tar err x package/dist/minion.1.4.3.js
silly tar err x package/dist/minion.1.4.3.min.js
silly tar err x package/bin/minion-cli.js
silly tar err x package/bin/minion.Client.js
silly tar err x package/bin/minion.js
silly tar err x package/bin/sample.conf.json
silly tar err x package/src/jsdoc-conf.json
silly tar err x package/src/minion.baseclass.js
silly tar err x package/src/minion.class.js
silly tar err x package/src/minion.header.js
silly tar err x package/src/minion.main.js
silly tar err x package/src/minion.notifications.js
silly tar err x package/src/minion.singleton.js
silly tar err x package/src/minion.static.js
silly tar err x package/src/minion-jsdoc-template/allclasses.tmpl
silly tar err x package/src/minion-jsdoc-template/allfiles.tmpl
silly tar err x package/src/minion-jsdoc-template/class.tmpl
silly tar err x package/src/minion-jsdoc-template/class.tmpl_old
silly tar err x package/src/minion-jsdoc-template/docsindex.tmpl
silly tar err x package/src/minion-jsdoc-template/header.html
silly tar err x package/src/minion-jsdoc-template/index.tmpl
silly tar err x package/src/minion-jsdoc-template/publish.js
silly tar err x package/src/minion-jsdoc-template/README.md
silly tar err x package/src/minion-jsdoc-template/symbol.tmpl
silly tar err x package/src/minion-jsdoc-template/symbolindex.tmpl
silly tar err x package/src/minion-jsdoc-template/userdoc.tmpl
silly tar err x package/src/minion-jsdoc-template/js/htmlparser.js
silly tar err x package/src/minion-jsdoc-template/js/jsdom.js
silly tar err x package/src/minion-jsdoc-template/js/mootools-1.2.4-core-server.js
silly tar err x package/src/minion-jsdoc-template/js/showdown.js
silly tar err x package/src/minion-jsdoc-template/js/showdown_license.txt
silly tar err x package/src/minion-jsdoc-template/static/blue.css
silly tar err x package/src/minion-jsdoc-template/static/default.css
silly tar err x package/gh-pages/docs/files.html
silly tar err x package/gh-pages/docs/index.html
silly tar err x package/gh-pages/docs/symbolindex.html
silly tar err x package/gh-pages/docs/static/default.css
silly tar err x package/gh-pages/docs/symbols/_global_.html
silly tar err x package/gh-pages/docs/symbols/minion.Class.html
silly tar err x package/gh-pages/docs/symbols/minion.html
silly tar err x package/gh-pages/docs/symbols/minion.Notification.html
silly tar err x package/gh-pages/docs/symbols/minion.Singleton.html
silly tar err x package/gh-pages/docs/symbols/src/bin_minion.js.html
silly tar err x package/test/index.html
silly tar err x package/test/unit/classes.js
silly tar err x package/test/unit/configure.js
silly tar err x package/test/unit/internal-classes.js
silly tar err x package/test/unit/classes/classes1.min.js
silly tar err x package/test/unit/classes/classes2.min.js
silly tar err x package/test/unit/classes/minion/test/ConfigureTest.js
silly tar err x package/test/unit/classes/minion/test/SingletonTest.js
silly tar err x package/test/unit/classes/minion/test/StaticTest.js
silly tar err x package/test/unit/classes/minion/test/Test1.js
silly tar err x package/test/unit/classes/minion/test/Test2.js
silly tar err x package/test/qunit/.gitignore
silly tar err x package/test/qunit/History.md
silly tar err x package/test/qunit/package.json
silly tar err x package/test/qunit/README.md
silly tar err x package/test/qunit/qunit/qunit.css
silly tar err x package/test/qunit/qunit/qunit.js
silly tar err x package/test/qunit/test/headless.html
silly tar err x package/test/qunit/test/index.html
silly tar err x package/test/qunit/test/logs.html
silly tar err x package/test/qunit/test/logs.js
silly tar err x package/test/qunit/test/same.js
silly tar err x package/test/qunit/test/swarminject.js
silly tar err x package/test/qunit/test/test.js
silly tar err x package/test/qunit/addons/canvas/canvas-test.js
silly tar err x package/test/qunit/addons/canvas/canvas.html
silly tar err x package/test/qunit/addons/canvas/qunit-canvas.js
silly tar err x package/test/qunit/addons/canvas/README.md
silly tar err x package/test/qunit/addons/close-enough/close-enough-test.js
silly tar err x package/test/qunit/addons/close-enough/close-enough.html
silly tar err x package/test/qunit/addons/close-enough/qunit-close-enough.js
silly tar err x package/test/qunit/addons/close-enough/README.md
silly tar err x package/test/qunit/addons/step/qunit-step.js
silly tar err x package/test/qunit/addons/step/README.md
silly tar err x package/test/qunit/addons/step/step-test.js
silly tar err x package/test/qunit/addons/step/step.html
silly tar err x package/test/qunit/addons/composite/composite-demo-test.html
silly tar err x package/test/qunit/addons/composite/composite-test.html
silly tar err x package/test/qunit/addons/composite/composite-test.js
silly tar err x package/test/qunit/addons/composite/dummy-qunit-test.html
silly tar err x package/test/qunit/addons/composite/dummy-same-test.html
silly tar err x package/test/qunit/addons/composite/index.html
silly tar err x package/test/qunit/addons/composite/qunit-composite.css
silly tar err x package/test/qunit/addons/composite/qunit-composite.js
silly tar err x package/test/qunit/addons/composite/README.md
silly tar exit 0
silly asyncMap in gTP /Users/taka.kojima/.npm/minion/1.4.3/___package.npm/package
silly asyncMap in gTP /Users/taka.kojima/.npm/minion/1.4.3/___package.npm/package/.gitignore
silly asyncMap in gTP /Users/taka.kojima/.npm/minion/1.4.3/___package.npm/package/.gitmodules
silly asyncMap in gTP /Users/taka.kojima/.npm/minion/1.4.3/___package.npm/package/getting_started.md
silly asyncMap in gTP /Users/taka.kojima/.npm/minion/1.4.3/___package.npm/package/make.js
silly asyncMap in gTP /Users/taka.kojima/.npm/minion/1.4.3/___package.npm/package/Makefile
silly asyncMap in gTP /Users/taka.kojima/.npm/minion/1.4.3/___package.npm/package/package.json
silly asyncMap in gTP /Users/taka.kojima/.npm/minion/1.4.3/___package.npm/package/readme.md
silly asyncMap in gTP /Users/taka.kojima/.npm/minion/1.4.3/___package.npm/package/version.txt
silly asyncMap in gTP /Users/taka.kojima/.npm/minion/1.4.3/___package.npm/package/bin
silly asyncMap in gTP /Users/taka.kojima/.npm/minion/1.4.3/___package.npm/package/bin/minion-cli.js
silly asyncMap in gTP /Users/taka.kojima/.npm/minion/1.4.3/___package.npm/package/bin/minion.Client.js
silly asyncMap in gTP /Users/taka.kojima/.npm/minion/1.4.3/___package.npm/package/bin/minion.js
silly asyncMap in gTP /Users/taka.kojima/.npm/minion/1.4.3/___package.npm/package/bin/sample.conf.json
silly asyncMap in gTP /Users/taka.kojima/.npm/minion/1.4.3/___package.npm/package/dist
silly asyncMap in gTP /Users/taka.kojima/.npm/minion/1.4.3/___package.npm/package/dist/minion.1.4.3.js
silly asyncMap in gTP /Users/taka.kojima/.npm/minion/1.4.3/___package.npm/package/dist/minion.1.4.3.min.js
silly asyncMap in gTP /Users/taka.kojima/.npm/minion/1.4.3/___package.npm/package/src
silly asyncMap in gTP /Users/taka.kojima/.npm/minion/1.4.3/___package.npm/package/src/jsdoc-conf.json
silly asyncMap in gTP /Users/taka.kojima/.npm/minion/1.4.3/___package.npm/package/src/minion.baseclass.js
silly asyncMap in gTP /Users/taka.kojima/.npm/minion/1.4.3/___package.npm/package/src/minion.class.js
silly asyncMap in gTP /Users/taka.kojima/.npm/minion/1.4.3/___package.npm/package/src/minion.header.js
silly asyncMap in gTP /Users/taka.kojima/.npm/minion/1.4.3/___package.npm/package/src/minion.main.js
silly asyncMap in gTP /Users/taka.kojima/.npm/minion/1.4.3/___package.npm/package/src/minion.notifications.js
silly asyncMap in gTP /Users/taka.kojima/.npm/minion/1.4.3/___package.npm/package/src/minion.singleton.js
silly asyncMap in gTP /Users/taka.kojima/.npm/minion/1.4.3/___package.npm/package/src/minion.static.js
silly asyncMap in gTP /Users/taka.kojima/.npm/minion/1.4.3/___package.npm/package/src/minion-jsdoc-template
silly asyncMap in gTP /Users/taka.kojima/.npm/minion/1.4.3/___package.npm/package/src/minion-jsdoc-template/allclasses.tmpl
silly asyncMap in gTP /Users/taka.kojima/.npm/minion/1.4.3/___package.npm/package/src/minion-jsdoc-template/allfiles.tmpl
silly asyncMap in gTP /Users/taka.kojima/.npm/minion/1.4.3/___package.npm/package/src/minion-jsdoc-template/class.tmpl
silly asyncMap in gTP /Users/taka.kojima/.npm/minion/1.4.3/___package.npm/package/src/minion-jsdoc-template/class.tmpl_old
silly asyncMap in gTP /Users/taka.kojima/.npm/minion/1.4.3/___package.npm/package/src/minion-jsdoc-template/docsindex.tmpl
silly asyncMap in gTP /Users/taka.kojima/.npm/minion/1.4.3/___package.npm/package/src/minion-jsdoc-template/header.html
silly asyncMap in gTP /Users/taka.kojima/.npm/minion/1.4.3/___package.npm/package/src/minion-jsdoc-template/index.tmpl
silly asyncMap in gTP /Users/taka.kojima/.npm/minion/1.4.3/___package.npm/package/src/minion-jsdoc-template/publish.js
silly asyncMap in gTP /Users/taka.kojima/.npm/minion/1.4.3/___package.npm/package/src/minion-jsdoc-template/README.md
silly asyncMap in gTP /Users/taka.kojima/.npm/minion/1.4.3/___package.npm/package/src/minion-jsdoc-template/symbol.tmpl
silly asyncMap in gTP /Users/taka.kojima/.npm/minion/1.4.3/___package.npm/package/src/minion-jsdoc-template/symbolindex.tmpl
silly asyncMap in gTP /Users/taka.kojima/.npm/minion/1.4.3/___package.npm/package/src/minion-jsdoc-template/userdoc.tmpl
silly asyncMap in gTP /Users/taka.kojima/.npm/minion/1.4.3/___package.npm/package/src/minion-jsdoc-template/js
silly asyncMap in gTP /Users/taka.kojima/.npm/minion/1.4.3/___package.npm/package/src/minion-jsdoc-template/js/htmlparser.js
silly asyncMap in gTP /Users/taka.kojima/.npm/minion/1.4.3/___package.npm/package/src/minion-jsdoc-template/js/jsdom.js
silly asyncMap in gTP /Users/taka.kojima/.npm/minion/1.4.3/___package.npm/package/src/minion-jsdoc-template/js/mootools-1.2.4-core-server.js
silly asyncMap in gTP /Users/taka.kojima/.npm/minion/1.4.3/___package.npm/package/src/minion-jsdoc-template/js/showdown.js
silly asyncMap in gTP /Users/taka.kojima/.npm/minion/1.4.3/___package.npm/package/src/minion-jsdoc-template/js/showdown_license.txt
silly asyncMap in gTP /Users/taka.kojima/.npm/minion/1.4.3/___package.npm/package/src/minion-jsdoc-template/static
silly asyncMap in gTP /Users/taka.kojima/.npm/minion/1.4.3/___package.npm/package/src/minion-jsdoc-template/static/blue.css
silly asyncMap in gTP /Users/taka.kojima/.npm/minion/1.4.3/___package.npm/package/src/minion-jsdoc-template/static/default.css
silly asyncMap in gTP /Users/taka.kojima/.npm/minion/1.4.3/___package.npm/package/gh-pages
silly asyncMap in gTP /Users/taka.kojima/.npm/minion/1.4.3/___package.npm/package/gh-pages/docs
silly asyncMap in gTP /Users/taka.kojima/.npm/minion/1.4.3/___package.npm/package/gh-pages/docs/files.html
silly asyncMap in gTP /Users/taka.kojima/.npm/minion/1.4.3/___package.npm/package/gh-pages/docs/index.html
silly asyncMap in gTP /Users/taka.kojima/.npm/minion/1.4.3/___package.npm/package/gh-pages/docs/symbolindex.html
silly asyncMap in gTP /Users/taka.kojima/.npm/minion/1.4.3/___package.npm/package/gh-pages/docs/static
silly asyncMap in gTP /Users/taka.kojima/.npm/minion/1.4.3/___package.npm/package/gh-pages/docs/static/default.css
silly asyncMap in gTP /Users/taka.kojima/.npm/minion/1.4.3/___package.npm/package/gh-pages/docs/symbols
silly asyncMap in gTP /Users/taka.kojima/.npm/minion/1.4.3/___package.npm/package/gh-pages/docs/symbols/_global_.html
silly asyncMap in gTP /Users/taka.kojima/.npm/minion/1.4.3/___package.npm/package/gh-pages/docs/symbols/minion.Class.html
silly asyncMap in gTP /Users/taka.kojima/.npm/minion/1.4.3/___package.npm/package/gh-pages/docs/symbols/minion.html
silly asyncMap in gTP /Users/taka.kojima/.npm/minion/1.4.3/___package.npm/package/gh-pages/docs/symbols/minion.Notification.html
silly asyncMap in gTP /Users/taka.kojima/.npm/minion/1.4.3/___package.npm/package/gh-pages/docs/symbols/minion.Singleton.html
silly asyncMap in gTP /Users/taka.kojima/.npm/minion/1.4.3/___package.npm/package/gh-pages/docs/symbols/src
silly asyncMap in gTP /Users/taka.kojima/.npm/minion/1.4.3/___package.npm/package/gh-pages/docs/symbols/src/bin_minion.js.html
silly asyncMap in gTP /Users/taka.kojima/.npm/minion/1.4.3/___package.npm/package/test
silly asyncMap in gTP /Users/taka.kojima/.npm/minion/1.4.3/___package.npm/package/test/index.html
silly asyncMap in gTP /Users/taka.kojima/.npm/minion/1.4.3/___package.npm/package/test/qunit
silly asyncMap in gTP /Users/taka.kojima/.npm/minion/1.4.3/___package.npm/package/test/qunit/.gitignore
silly asyncMap in gTP /Users/taka.kojima/.npm/minion/1.4.3/___package.npm/package/test/qunit/History.md
silly asyncMap in gTP /Users/taka.kojima/.npm/minion/1.4.3/___package.npm/package/test/qunit/package.json
silly asyncMap in gTP /Users/taka.kojima/.npm/minion/1.4.3/___package.npm/package/test/qunit/README.md
silly asyncMap in gTP /Users/taka.kojima/.npm/minion/1.4.3/___package.npm/package/test/qunit/qunit
silly asyncMap in gTP /Users/taka.kojima/.npm/minion/1.4.3/___package.npm/package/test/qunit/qunit/qunit.css
silly asyncMap in gTP /Users/taka.kojima/.npm/minion/1.4.3/___package.npm/package/test/qunit/qunit/qunit.js
silly asyncMap in gTP /Users/taka.kojima/.npm/minion/1.4.3/___package.npm/package/test/qunit/test
silly asyncMap in gTP /Users/taka.kojima/.npm/minion/1.4.3/___package.npm/package/test/qunit/test/headless.html
silly asyncMap in gTP /Users/taka.kojima/.npm/minion/1.4.3/___package.npm/package/test/qunit/test/index.html
silly asyncMap in gTP /Users/taka.kojima/.npm/minion/1.4.3/___package.npm/package/test/qunit/test/logs.html
silly asyncMap in gTP /Users/taka.kojima/.npm/minion/1.4.3/___package.npm/package/test/qunit/test/logs.js
silly asyncMap in gTP /Users/taka.kojima/.npm/minion/1.4.3/___package.npm/package/test/qunit/test/same.js
silly asyncMap in gTP /Users/taka.kojima/.npm/minion/1.4.3/___package.npm/package/test/qunit/test/swarminject.js
silly asyncMap in gTP /Users/taka.kojima/.npm/minion/1.4.3/___package.npm/package/test/qunit/test/test.js
silly asyncMap in gTP /Users/taka.kojima/.npm/minion/1.4.3/___package.npm/package/test/qunit/addons
silly asyncMap in gTP /Users/taka.kojima/.npm/minion/1.4.3/___package.npm/package/test/qunit/addons/canvas
silly asyncMap in gTP /Users/taka.kojima/.npm/minion/1.4.3/___package.npm/package/test/qunit/addons/canvas/canvas-test.js
silly asyncMap in gTP /Users/taka.kojima/.npm/minion/1.4.3/___package.npm/package/test/qunit/addons/canvas/canvas.html
silly asyncMap in gTP /Users/taka.kojima/.npm/minion/1.4.3/___package.npm/package/test/qunit/addons/canvas/qunit-canvas.js
silly asyncMap in gTP /Users/taka.kojima/.npm/minion/1.4.3/___package.npm/package/test/qunit/addons/canvas/README.md
silly asyncMap in gTP /Users/taka.kojima/.npm/minion/1.4.3/___package.npm/package/test/qunit/addons/close-enough
silly asyncMap in gTP /Users/taka.kojima/.npm/minion/1.4.3/___package.npm/package/test/qunit/addons/close-enough/close-enough-test.js
silly asyncMap in gTP /Users/taka.kojima/.npm/minion/1.4.3/___package.npm/package/test/qunit/addons/close-enough/close-enough.html
silly asyncMap in gTP /Users/taka.kojima/.npm/minion/1.4.3/___package.npm/package/test/qunit/addons/close-enough/qunit-close-enough.js
silly asyncMap in gTP /Users/taka.kojima/.npm/minion/1.4.3/___package.npm/package/test/qunit/addons/close-enough/README.md
silly asyncMap in gTP /Users/taka.kojima/.npm/minion/1.4.3/___package.npm/package/test/qunit/addons/composite
silly asyncMap in gTP /Users/taka.kojima/.npm/minion/1.4.3/___package.npm/package/test/qunit/addons/composite/composite-demo-test.html
silly asyncMap in gTP /Users/taka.kojima/.npm/minion/1.4.3/___package.npm/package/test/qunit/addons/composite/composite-test.html
silly asyncMap in gTP /Users/taka.kojima/.npm/minion/1.4.3/___package.npm/package/test/qunit/addons/composite/composite-test.js
silly asyncMap in gTP /Users/taka.kojima/.npm/minion/1.4.3/___package.npm/package/test/qunit/addons/composite/dummy-qunit-test.html
silly asyncMap in gTP /Users/taka.kojima/.npm/minion/1.4.3/___package.npm/package/test/qunit/addons/composite/dummy-same-test.html
silly asyncMap in gTP /Users/taka.kojima/.npm/minion/1.4.3/___package.npm/package/test/qunit/addons/composite/index.html
silly asyncMap in gTP /Users/taka.kojima/.npm/minion/1.4.3/___package.npm/package/test/qunit/addons/composite/qunit-composite.css
silly asyncMap in gTP /Users/taka.kojima/.npm/minion/1.4.3/___package.npm/package/test/qunit/addons/composite/qunit-composite.js
silly asyncMap in gTP /Users/taka.kojima/.npm/minion/1.4.3/___package.npm/package/test/qunit/addons/composite/README.md
silly asyncMap in gTP /Users/taka.kojima/.npm/minion/1.4.3/___package.npm/package/test/qunit/addons/step
silly asyncMap in gTP /Users/taka.kojima/.npm/minion/1.4.3/___package.npm/package/test/qunit/addons/step/qunit-step.js
silly asyncMap in gTP /Users/taka.kojima/.npm/minion/1.4.3/___package.npm/package/test/qunit/addons/step/README.md
silly asyncMap in gTP /Users/taka.kojima/.npm/minion/1.4.3/___package.npm/package/test/qunit/addons/step/step-test.js
silly asyncMap in gTP /Users/taka.kojima/.npm/minion/1.4.3/___package.npm/package/test/qunit/addons/step/step.html
silly asyncMap in gTP /Users/taka.kojima/.npm/minion/1.4.3/___package.npm/package/test/unit
silly asyncMap in gTP /Users/taka.kojima/.npm/minion/1.4.3/___package.npm/package/test/unit/classes.js
silly asyncMap in gTP /Users/taka.kojima/.npm/minion/1.4.3/___package.npm/package/test/unit/configure.js
silly asyncMap in gTP /Users/taka.kojima/.npm/minion/1.4.3/___package.npm/package/test/unit/internal-classes.js
silly asyncMap in gTP /Users/taka.kojima/.npm/minion/1.4.3/___package.npm/package/test/unit/classes
silly asyncMap in gTP /Users/taka.kojima/.npm/minion/1.4.3/___package.npm/package/test/unit/classes/classes1.min.js
silly asyncMap in gTP /Users/taka.kojima/.npm/minion/1.4.3/___package.npm/package/test/unit/classes/classes2.min.js
silly asyncMap in gTP /Users/taka.kojima/.npm/minion/1.4.3/___package.npm/package/test/unit/classes/minion
silly asyncMap in gTP /Users/taka.kojima/.npm/minion/1.4.3/___package.npm/package/test/unit/classes/minion/test
silly asyncMap in gTP /Users/taka.kojima/.npm/minion/1.4.3/___package.npm/package/test/unit/classes/minion/test/ConfigureTest.js
silly asyncMap in gTP /Users/taka.kojima/.npm/minion/1.4.3/___package.npm/package/test/unit/classes/minion/test/SingletonTest.js
silly asyncMap in gTP /Users/taka.kojima/.npm/minion/1.4.3/___package.npm/package/test/unit/classes/minion/test/StaticTest.js
silly asyncMap in gTP /Users/taka.kojima/.npm/minion/1.4.3/___package.npm/package/test/unit/classes/minion/test/Test1.js
silly asyncMap in gTP /Users/taka.kojima/.npm/minion/1.4.3/___package.npm/package/test/unit/classes/minion/test/Test2.js
silly chmod package 755
silly chmod bin 755
silly chmod dist 755
silly chmod src 755
silly chmod minion-jsdoc-template 755
silly chmod js 755
silly chmod static 755
silly chmod gh-pages 755
silly chmod docs 755
silly chmod static 755
silly chmod symbols 755
silly chmod src 755
silly chmod test 755
silly chmod qunit 755
silly chmod qunit 755
silly chmod test 755
silly chmod addons 755
silly chmod canvas 755
silly chmod close-enough 755
silly chmod composite 755
silly chmod step 755
silly chmod unit 755
silly chmod classes 755
silly chmod minion 755
silly chmod test 755
verbose gunzed /Users/taka.kojima/.npm/minion/1.4.3/___package.npm/package
verbose rm'ed /Users/taka.kojima/.npm/minion/1.4.3/package
verbose renamed [ '/Users/taka.kojima/.npm/minion/1.4.3/___package.npm/package',
verbose renamed   '/Users/taka.kojima/.npm/minion/1.4.3/package' ]
silly testEngine { name: 'minion',
silly testEngine   version: '1.4.3',
silly testEngine   description: 'Cross-Platform & Cross-Browser JavaScript Inheritance.',
silly testEngine   main: './bin/minion.js',
silly testEngine   directories: { lib: 'lib', test: 'test', examples: 'examples', bin: 'bin' },
silly testEngine   bin: { minion: './bin/minion-cli.js' },
silly testEngine   dependencies: 
silly testEngine    { optimist: '0.3.x',
silly testEngine      'uglify-js': '1.2.x',
silly testEngine      'jsdoc-toolkit': '0.0.x',
silly testEngine      'ansi-color': '0.2.x',
silly testEngine      jshint: '0.5.x' },
silly testEngine   repository: { type: 'git', url: 'git://github.com/gigafied/minion.git' },
silly testEngine   keywords: [ 'oop', 'inheritance', 'classes', 'class', 'dependency', 'extend' ],
silly testEngine   author: 
silly testEngine    { name: 'Taka Kojima',
silly testEngine      email: 'taka@gigafied.com',
silly testEngine      url: 'http://gigafied.github.com/minion/' },
silly testEngine   license: 'MIT/X11',
silly testEngine   engine: { node: '>=0.4.x' },
silly testEngine   _npmUser: { name: 'gigafied', email: 'taka@gigafied.com' },
silly testEngine   _id: 'minion@1.4.3',
silly testEngine   devDependencies: {},
silly testEngine   engines: { node: '*' },
silly testEngine   _engineSupported: true,
silly testEngine   _npmVersion: '1.0.106',
silly testEngine   _nodeVersion: 'v0.6.6',
silly testEngine   _defaultsLoaded: true,
silly testEngine   dist: 
silly testEngine    { shasum: '498ee35a4e3b5adbf7ba5028338368d96cbb02bf',
silly testEngine      tarball: 'http://registry.npmjs.org/minion/-/minion-1.4.3.tgz' } }
verbose caching /Users/taka.kojima/.npm/minion/1.4.3/package/package.json
verbose loadDefaults minion@1.4.3
silly updated sha bytes 40960
silly updated sha bytes 40960
silly updated sha bytes 40960
silly updated sha bytes 30720
info shasum 498ee35a4e3b5adbf7ba5028338368d96cbb02bf
info shasum /Users/taka.kojima/.npm/minion/1.4.3/package.tgz
verbose from cache /Users/taka.kojima/.npm/minion/1.4.3/package/package.json
verbose chmod /Users/taka.kojima/.npm/minion/1.4.3/package.tgz 644
verbose chown [ '/Users/taka.kojima/.npm/minion/1.4.3/package.tgz', 1099, 20 ]
silly publish { name: 'minion',
silly publish   version: '1.4.3',
silly publish   description: 'Cross-Platform & Cross-Browser JavaScript Inheritance.',
silly publish   main: './bin/minion.js',
silly publish   directories: { lib: 'lib', test: 'test', examples: 'examples', bin: 'bin' },
silly publish   bin: { minion: './bin/minion-cli.js' },
silly publish   dependencies: 
silly publish    { optimist: '0.3.x',
silly publish      'uglify-js': '1.2.x',
silly publish      'jsdoc-toolkit': '0.0.x',
silly publish      'ansi-color': '0.2.x',
silly publish      jshint: '0.5.x' },
silly publish   repository: { type: 'git', url: 'git://github.com/gigafied/minion.git' },
silly publish   keywords: [ 'oop', 'inheritance', 'classes', 'class', 'dependency', 'extend' ],
silly publish   author: 
silly publish    { name: 'Taka Kojima',
silly publish      email: 'taka@gigafied.com',
silly publish      url: 'http://gigafied.github.com/minion/' },
silly publish   license: 'MIT/X11',
silly publish   engine: { node: '>=0.4.x' },
silly publish   _npmUser: { name: 'gigafied', email: 'taka@gigafied.com' },
silly publish   _id: 'minion@1.4.3',
silly publish   devDependencies: {},
silly publish   engines: { node: '*' },
silly publish   _engineSupported: true,
silly publish   _npmVersion: '1.0.106',
silly publish   _nodeVersion: 'v0.6.6',
silly publish   _defaultsLoaded: true,
silly publish   dist: 
silly publish    { shasum: '498ee35a4e3b5adbf7ba5028338368d96cbb02bf',
silly publish      tarball: 'http://registry.npmjs.org/minion/-/minion-1.4.3.tgz' } }
verbose PUT minion
verbose raw, before any munging minion
verbose url resolving [ 'https://registry.npmjs.org/', './minion' ]
verbose url resolved https://registry.npmjs.org/minion
verbose GET minion
verbose raw, before any munging minion
verbose url resolving [ 'https://registry.npmjs.org/', './minion' ]
verbose url resolved https://registry.npmjs.org/minion
info Already published minion@1.4.3
verbose uploading bin dists []
ERR! publish fail Cannot publish over existing version.
ERR! publish fail Bump the 'version' field, set the --force flag, or
ERR! publish fail     npm unpublish 'minion@1.4.3'
ERR! publish fail and try again
ERR! 
ERR! System Darwin 11.2.0
ERR! command "node" "/usr/local/bin/npm" "publish"
ERR! cwd /Users/taka.kojima/Projects/minion
ERR! node -v v0.6.6
ERR! npm -v 1.0.106
ERR! code EPUBLISHCONFLICT
verbose exit [ 1, true ]
